<?xml version="1.0" encoding="UTF-8"?>
<testng-results skipped="0" failed="0" ignored="0" total="1" passed="1">
  <reporter-output>
  </reporter-output>
  <suite name="Default suite" duration-ms="38194" started-at="2022-05-09T16:58:06Z" finished-at="2022-05-09T16:58:44Z">
    <groups>
    </groups>
    <test name="Default test" duration-ms="38194" started-at="2022-05-09T16:58:06Z" finished-at="2022-05-09T16:58:44Z">
      <class name="Book.E2EProject.HomePage">
        <test-method status="PASS" signature="intialize()[pri:0, instance:Book.E2EProject.HomePage@544fe44c]" name="intialize" is-config="true" duration-ms="4593" started-at="2022-05-09T16:58:06Z" finished-at="2022-05-09T16:58:11Z">
          <reporter-output>
          </reporter-output>
        </test-method> <!-- intialize -->
        <test-method status="PASS" signature="basepageNavigation(java.lang.String, java.lang.String)[pri:0, instance:Book.E2EProject.HomePage@544fe44c]" name="basepageNavigation" duration-ms="33398" started-at="2022-05-09T16:58:11Z" data-provider="getData" finished-at="2022-05-09T16:58:44Z">
          <params>
            <param index="0">
              <value>
                <![CDATA[satish]]>
              </value>
            </param>
            <param index="1">
              <value>
                <![CDATA[Satish@11]]>
              </value>
            </param>
          </params>
          <reporter-output>
          </reporter-output>
        </test-method> <!-- basepageNavigation -->
        <test-method status="PASS" signature="teardown()[pri:0, instance:Book.E2EProject.HomePage@544fe44c]" name="teardown" is-config="true" duration-ms="172" started-at="2022-05-09T16:58:44Z" finished-at="2022-05-09T16:58:44Z">
          <reporter-output>
          </reporter-output>
        </test-method> <!-- teardown -->
      </class> <!-- Book.E2EProject.HomePage -->
    </test> <!-- Default test -->
  </suite> <!-- Default suite -->
</testng-results>
